[11Aug2025 00:00:07.936] [Server thread/WARN] [net.minecraft.server.MinecraftServer/]: Can't keep up! Is the server overloaded? Running 2009ms or 40 ticks behind
[11Aug2025 00:00:27.977] [Server thread/WARN] [net.minecraft.server.MinecraftServer/]: Can't keep up! Is the server overloaded? Running 5050ms or 101 ticks behind
[11Aug2025 00:00:47.424] [Server thread/WARN] [net.minecraft.server.MinecraftServer/]: Can't keep up! Is the server overloaded? Running 4447ms or 88 ticks behind
[11Aug2025 00:01:05.744] [Server thread/WARN] [net.minecraft.server.MinecraftServer/]: Can't keep up! Is the server overloaded? Running 3367ms or 67 ticks behind
[11Aug2025 00:01:28.428] [Server thread/WARN] [net.minecraft.server.MinecraftServer/]: Can't keep up! Is the server overloaded? Running 2001ms or 40 ticks behind
[11Aug2025 00:01:51.492] [Server thread/WARN] [net.minecraft.server.MinecraftServer/]: Can't keep up! Is the server overloaded? Running 2015ms or 40 ticks behind
[11Aug2025 00:02:15.282] [Server thread/WARN] [net.minecraft.server.MinecraftServer/]: Can't keep up! Is the server overloaded? Running 2005ms or 40 ticks behind
[11Aug2025 00:02:32.372] [Server thread/WARN] [net.minecraft.server.MinecraftServer/]: Can't keep up! Is the server overloaded? Running 2095ms or 41 ticks behind
[11Aug2025 00:03:11.537] [Server thread/WARN] [net.minecraft.server.MinecraftServer/]: Can't keep up! Is the server overloaded? Running 2010ms or 40 ticks behind
[11Aug2025 00:03:45.692] [Server thread/WARN] [net.minecraft.server.MinecraftServer/]: Can't keep up! Is the server overloaded? Running 2016ms or 40 ticks behind
[11Aug2025 00:03:48.070] [Server thread/INFO] [net.minecraft.server.MinecraftServer/]: SUPATA123 has made the advancement [The Wind Darkening]
[11Aug2025 00:04:04.740] [dimthread_server_overworld/WARN] [tombstone/]: The death event of the player SUPATA123 was canceled by another mod
[11Aug2025 00:04:04.746] [Server thread/INFO] [tombstone/]: The player SUPATA123 has successfully been saved
[11Aug2025 00:04:07.129] [Server thread/WARN] [net.minecraft.server.MinecraftServer/]: Can't keep up! Is the server overloaded? Running 2003ms or 40 ticks behind
[11Aug2025 00:04:11.796] [Server thread/INFO] [net.minecraft.server.MinecraftServer/]: SUPATA123 was slain by Baby Spider
[11Aug2025 00:04:24.935] [Server thread/WARN] [net.minecraft.server.MinecraftServer/]: Can't keep up! Is the server overloaded? Running 2808ms or 56 ticks behind
[11Aug2025 00:04:42.382] [Server thread/WARN] [net.minecraft.server.MinecraftServer/]: Can't keep up! Is the server overloaded? Running 2005ms or 40 ticks behind
[11Aug2025 00:05:00.695] [Server thread/WARN] [net.minecraft.server.MinecraftServer/]: Can't keep up! Is the server overloaded? Running 3319ms or 66 ticks behind
[11Aug2025 00:05:18.141] [Server thread/WARN] [net.minecraft.server.MinecraftServer/]: Can't keep up! Is the server overloaded? Running 2464ms or 49 ticks behind
[11Aug2025 00:05:35.221] [Server thread/WARN] [net.minecraft.server.MinecraftServer/]: Can't keep up! Is the server overloaded? Running 2094ms or 41 ticks behind
[11Aug2025 00:05:52.539] [Server thread/WARN] [net.minecraft.server.MinecraftServer/]: Can't keep up! Is the server overloaded? Running 2363ms or 47 ticks behind
[11Aug2025 00:06:09.701] [Server thread/WARN] [net.minecraft.server.MinecraftServer/]: Can't keep up! Is the server overloaded? Running 2174ms or 43 ticks behind
[11Aug2025 00:06:32.629] [Server thread/WARN] [net.minecraft.server.MinecraftServer/]: Can't keep up! Is the server overloaded? Running 2003ms or 40 ticks behind
[11Aug2025 00:06:52.889] [Server thread/WARN] [net.minecraft.server.MinecraftServer/]: Can't keep up! Is the server overloaded? Running 2013ms or 40 ticks behind
[11Aug2025 00:07:13.088] [Server thread/WARN] [net.minecraft.server.MinecraftServer/]: Can't keep up! Is the server overloaded? Running 2011ms or 40 ticks behind
[11Aug2025 00:07:34.529] [Server thread/WARN] [net.minecraft.server.MinecraftServer/]: Can't keep up! Is the server overloaded? Running 2002ms or 40 ticks behind
[11Aug2025 00:07:58.078] [Server thread/WARN] [net.minecraft.server.MinecraftServer/]: Can't keep up! Is the server overloaded? Running 2002ms or 40 ticks behind
[11Aug2025 00:08:17.181] [Server thread/WARN] [net.minecraft.server.MinecraftServer/]: Can't keep up! Is the server overloaded? Running 2004ms or 40 ticks behind
[11Aug2025 00:08:36.229] [Server thread/WARN] [net.minecraft.server.MinecraftServer/]: Can't keep up! Is the server overloaded? Running 2002ms or 40 ticks behind
[11Aug2025 00:08:55.480] [Server thread/WARN] [net.minecraft.server.MinecraftServer/]: Can't keep up! Is the server overloaded? Running 2004ms or 40 ticks behind
[11Aug2025 00:09:13.902] [Server thread/WARN] [net.minecraft.server.MinecraftServer/]: Can't keep up! Is the server overloaded? Running 2025ms or 40 ticks behind
